#
# There is insufficient memory for the Java Runtime Environment to continue.
# Native memory allocation (malloc) failed to allocate 32744 bytes for ChunkPool::allocate
# Possible reasons:
#   The system is out of physical RAM or swap space
#   In 32 bit mode, the process size limit was hit
# Possible solutions:
#   Reduce memory load on the system
#   Increase physical memory or swap space
#   Check if swap backing store is full
#   Use 64 bit Java on a 64 bit OS
#   Decrease Java heap size (-Xmx/-Xms)
#   Decrease number of Java threads
#   Decrease Java thread stack sizes (-Xss)
#   Set larger code cache with -XX:ReservedCodeCacheSize=
# This output file may be truncated or incomplete.
#
#  Out of Memory Error (allocation.cpp:211), pid=224, tid=8460
#
# JRE version: Java(TM) SE Runtime Environment (7.0_45-b18) (build 1.7.0_45-b18)
# Java VM: Java HotSpot(TM) 64-Bit Server VM (24.45-b08 mixed mode windows-amd64 compressed oops)
# Failed to write core dump. Minidumps are not enabled by default on client versions of Windows
#

---------------  T H R E A D  ---------------

Current thread (0x0000000008123800):  JavaThread "C2 CompilerThread0" daemon [_thread_in_native, id=8460, stack(0x00000000096b0000,0x00000000097b0000)]

Stack: [0x00000000096b0000,0x00000000097b0000]

Current CompileTask:
C2:   4752  276             com.android.dx.ssa.DeadCodeRemover::run (194 bytes)


---------------  P R O C E S S  ---------------

Java Threads: ( => current thread )
  0x0000000009b8a000 JavaThread "pool-2-thread-4" [_thread_in_Java, id=6056, stack(0x000000000a2b0000,0x000000000a3b0000)]
  0x0000000009b85000 JavaThread "pool-2-thread-3" [_thread_in_Java, id=6668, stack(0x000000000a1b0000,0x000000000a2b0000)]
  0x0000000009be7800 JavaThread "pool-3-thread-1" [_thread_blocked, id=8908, stack(0x0000000009fb0000,0x000000000a0b0000)]
  0x0000000008130800 JavaThread "Service Thread" daemon [_thread_blocked, id=3720, stack(0x00000000098b0000,0x00000000099b0000)]
  0x000000000812f800 JavaThread "C2 CompilerThread1" daemon [_thread_in_native, id=8732, stack(0x00000000097b0000,0x00000000098b0000)]
=>0x0000000008123800 JavaThread "C2 CompilerThread0" daemon [_thread_in_native, id=8460, stack(0x00000000096b0000,0x00000000097b0000)]
  0x0000000008122800 JavaThread "Attach Listener" daemon [_thread_blocked, id=2892, stack(0x00000000095b0000,0x00000000096b0000)]
  0x000000000811f800 JavaThread "Signal Dispatcher" daemon [_thread_blocked, id=8228, stack(0x00000000094b0000,0x00000000095b0000)]
  0x00000000080e9000 JavaThread "Finalizer" daemon [_thread_blocked, id=9344, stack(0x00000000093b0000,0x00000000094b0000)]
  0x00000000080e3800 JavaThread "Reference Handler" daemon [_thread_blocked, id=7140, stack(0x00000000092b0000,0x00000000093b0000)]
  0x000000000224e000 JavaThread "main" [_thread_blocked, id=10024, stack(0x0000000002050000,0x0000000002150000)]

Other Threads:
  0x00000000080e1000 VMThread [stack: 0x00000000091b0000,0x00000000092b0000] [id=2492]
  0x000000000813f000 WatcherThread [stack: 0x00000000099b0000,0x0000000009ab0000] [id=8724]

VM state:not at safepoint (normal execution)

VM Mutex/Monitor currently owned by a thread: None

Heap
 PSYoungGen      total 37888K, used 18212K [0x00000000eaa80000, 0x00000000ed480000, 0x0000000100000000)
  eden space 32768K, 39% used [0x00000000eaa80000,0x00000000eb749f00,0x00000000eca80000)
  from space 5120K, 99% used [0x00000000eca80000,0x00000000ecf7f2b0,0x00000000ecf80000)
  to   space 5120K, 0% used [0x00000000ecf80000,0x00000000ecf80000,0x00000000ed480000)
 ParOldGen       total 85504K, used 1263K [0x00000000c0000000, 0x00000000c5380000, 0x00000000eaa80000)
  object space 85504K, 1% used [0x00000000c0000000,0x00000000c013bc90,0x00000000c5380000)
 PSPermGen       total 21504K, used 5343K [0x00000000bae00000, 0x00000000bc300000, 0x00000000c0000000)
  object space 21504K, 24% used [0x00000000bae00000,0x00000000bb337e98,0x00000000bc300000)

Card table byte_map: [0x0000000005350000,0x0000000005580000] byte_map_base: 0x0000000004d79000

Polling page: 0x0000000000520000

Code Cache  [0x0000000002350000, 0x00000000025c0000, 0x0000000005350000)
 total_blobs=490 nmethods=278 adapters=165 free_code_cache=48017Kb largest_free_block=49131136

Compilation events (10 events):
Event: 4.521 Thread 0x0000000008123800 nmethod 275 0x0000000002463250 code [0x00000000024633a0, 0x0000000002463688]
Event: 4.521 Thread 0x0000000008123800  276             com.android.dx.ssa.DeadCodeRemover::run (194 bytes)
Event: 4.539 Thread 0x000000000812f800 nmethod 271 0x0000000002463890 code [0x0000000002463ac0, 0x00000000024644c8]
Event: 4.539 Thread 0x000000000812f800  277             com.android.dx.util.Bits::or (24 bytes)
Event: 4.541 Thread 0x000000000812f800 nmethod 277 0x0000000002462f50 code [0x0000000002463080, 0x0000000002463178]
Event: 4.541 Thread 0x000000000812f800  278             com.android.dx.ssa.back.FirstFitLocalCombiningAllocator::handleNormalUnassociated (99 bytes)
Event: 4.606 Thread 0x000000000812f800 nmethod 278 0x000000000246ff10 code [0x0000000002470200, 0x0000000002471d50]
Event: 4.606 Thread 0x000000000812f800  279             com.android.dx.cf.code.BaseMachine::popArgs (62 bytes)
Event: 4.615 Thread 0x000000000812f800 nmethod 279 0x00000000024668d0 code [0x0000000002466a40, 0x0000000002466f48]
Event: 4.615 Thread 0x000000000812f800  280   !         com.android.dx.cf.code.RopperMachine::run (1550 bytes)

GC Heap History (2 events):
Event: 4.211 GC heap before
{Heap before GC invocations=1 (full 0):
 PSYoungGen      total 37888K, used 32768K [0x00000000eaa80000, 0x00000000ed480000, 0x0000000100000000)
  eden space 32768K, 100% used [0x00000000eaa80000,0x00000000eca80000,0x00000000eca80000)
  from space 5120K, 0% used [0x00000000ecf80000,0x00000000ecf80000,0x00000000ed480000)
  to   space 5120K, 0% used [0x00000000eca80000,0x00000000eca80000,0x00000000ecf80000)
 ParOldGen       total 85504K, used 0K [0x00000000c0000000, 0x00000000c5380000, 0x00000000eaa80000)
  object space 85504K, 0% used [0x00000000c0000000,0x00000000c0000000,0x00000000c5380000)
 PSPermGen       total 21504K, used 5318K [0x00000000bae00000, 0x00000000bc300000, 0x00000000c0000000)
  object space 21504K, 24% used [0x00000000bae00000,0x00000000bb331900,0x00000000bc300000)
Event: 4.289 GC heap after
Heap after GC invocations=1 (full 0):
 PSYoungGen      total 37888K, used 5116K [0x00000000eaa80000, 0x00000000ed480000, 0x0000000100000000)
  eden space 32768K, 0% used [0x00000000eaa80000,0x00000000eaa80000,0x00000000eca80000)
  from space 5120K, 99% used [0x00000000eca80000,0x00000000ecf7f2b0,0x00000000ecf80000)
  to   space 5120K, 0% used [0x00000000ecf80000,0x00000000ecf80000,0x00000000ed480000)
 ParOldGen       total 85504K, used 1263K [0x00000000c0000000, 0x00000000c5380000, 0x00000000eaa80000)
  object space 85504K, 1% used [0x00000000c0000000,0x00000000c013bc90,0x00000000c5380000)
 PSPermGen       total 21504K, used 5318K [0x00000000bae00000, 0x00000000bc300000, 0x00000000c0000000)
  object space 21504K, 24% used [0x00000000bae00000,0x00000000bb331900,0x00000000bc300000)
}

Deoptimization events (10 events):
Event: 4.460 Thread 0x0000000009b8a000 Uncommon trap: reason=unreached action=reinterpret pc=0x0000000002431734 method=com.android.dx.ssa.SsaRenamer$BlockRenamer.process()V @ 90
Event: 4.486 Thread 0x0000000009b85000 Uncommon trap: reason=class_check action=maybe_recompile pc=0x00000000023dafa0 method=com.android.dx.rop.type.Type.equals(Ljava/lang/Object;)Z @ 8
Event: 4.489 Thread 0x0000000009b85000 Uncommon trap: reason=class_check action=maybe_recompile pc=0x000000000240b8b8 method=java.util.HashMap.put(Ljava/lang/Object;Ljava/lang/Object;)Ljava/lang/Object; @ 83
Event: 4.489 Thread 0x0000000009b85000 Uncommon trap: reason=class_check action=maybe_recompile pc=0x000000000240b8b8 method=java.util.HashMap.put(Ljava/lang/Object;Ljava/lang/Object;)Ljava/lang/Object; @ 83
Event: 4.490 Thread 0x0000000009b85000 Uncommon trap: reason=class_check action=maybe_recompile pc=0x000000000240b8b8 method=java.util.HashMap.put(Ljava/lang/Object;Ljava/lang/Object;)Ljava/lang/Object; @ 83
Event: 4.647 Thread 0x0000000009b85000 Uncommon trap: reason=bimorphic action=maybe_recompile pc=0x00000000024496f0 method=com.android.dx.cf.code.BytecodeArray.parseInstruction(ILcom/android/dx/cf/code/BytecodeArray$Visitor;)I @ 1501
Event: 4.648 Thread 0x0000000009b85000 Uncommon trap: reason=class_check action=maybe_recompile pc=0x00000000023dafa0 method=com.android.dx.rop.type.Type.equals(Ljava/lang/Object;)Z @ 8
Event: 4.648 Thread 0x0000000009b85000 Uncommon trap: reason=bimorphic action=maybe_recompile pc=0x00000000024496f0 method=com.android.dx.cf.code.BytecodeArray.parseInstruction(ILcom/android/dx/cf/code/BytecodeArray$Visitor;)I @ 1501
Event: 4.654 Thread 0x0000000009b85000 Uncommon trap: reason=bimorphic action=maybe_recompile pc=0x00000000024496f0 method=com.android.dx.cf.code.BytecodeArray.parseInstruction(ILcom/android/dx/cf/code/BytecodeArray$Visitor;)I @ 1501
Event: 4.656 Thread 0x0000000009b85000 Uncommon trap: reason=bimorphic action=maybe_recompile pc=0x00000000024496f0 method=com.android.dx.cf.code.BytecodeArray.parseInstruction(ILcom/android/dx/cf/code/BytecodeArray$Visitor;)I @ 1501

Internal exceptions (10 events):
Event: 2.347 Thread 0x0000000009b8a000 Threw 0x00000000eb5ef160 at C:\re\jdk7u45\229\hotspot\src\share\vm\prims\jvm.cpp:1244
Event: 2.348 Thread 0x0000000009b8a000 Threw 0x00000000eb5f5110 at C:\re\jdk7u45\229\hotspot\src\share\vm\prims\jvm.cpp:1244
Event: 2.350 Thread 0x0000000009b8a000 Threw 0x00000000eb5f7da8 at C:\re\jdk7u45\229\hotspot\src\share\vm\prims\jvm.cpp:1244
Event: 2.351 Thread 0x0000000009b8a000 Threw 0x00000000eb5faeb0 at C:\re\jdk7u45\229\hotspot\src\share\vm\prims\jvm.cpp:1244
Event: 2.352 Thread 0x0000000009b8a000 Threw 0x00000000eb603f08 at C:\re\jdk7u45\229\hotspot\src\share\vm\prims\jvm.cpp:1244
Event: 2.352 Thread 0x0000000009b8a000 Threw 0x00000000eb6082d0 at C:\re\jdk7u45\229\hotspot\src\share\vm\prims\jvm.cpp:1244
Event: 2.495 Thread 0x0000000008161800 Threw 0x00000000eb81bfa0 at C:\re\jdk7u45\229\hotspot\src\share\vm\prims\jvm.cpp:1244
Event: 2.956 Thread 0x0000000009bec800 Implicit null exception at 0x00000000023fd16e to 0x00000000023fe961
Event: 4.126 Thread 0x0000000009b85000 Threw 0x00000000ec947598 at C:\re\jdk7u45\229\hotspot\src\share\vm\prims\jvm.cpp:1244
Event: 4.127 Thread 0x0000000009b85000 Implicit null exception at 0x0000000002427aa5 to 0x0000000002428219

Events (10 events):
Event: 4.648 Thread 0x0000000009b85000 DEOPT UNPACKING pc=0x0000000002389064 sp=0x000000000a2aea08 mode 2
Event: 4.648 Thread 0x0000000009b85000 Uncommon trap: trap_request=0xffffffc6 fr.pc=0x00000000024496f0
Event: 4.648 Thread 0x0000000009b85000 DEOPT PACKING pc=0x00000000024496f0 sp=0x000000000a2aeac0
Event: 4.648 Thread 0x0000000009b85000 DEOPT UNPACKING pc=0x0000000002389064 sp=0x000000000a2aea50 mode 2
Event: 4.654 Thread 0x0000000009b85000 Uncommon trap: trap_request=0xffffffc6 fr.pc=0x00000000024496f0
Event: 4.654 Thread 0x0000000009b85000 DEOPT PACKING pc=0x00000000024496f0 sp=0x000000000a2aea10
Event: 4.654 Thread 0x0000000009b85000 DEOPT UNPACKING pc=0x0000000002389064 sp=0x000000000a2ae9a0 mode 2
Event: 4.656 Thread 0x0000000009b85000 Uncommon trap: trap_request=0xffffffc6 fr.pc=0x00000000024496f0
Event: 4.656 Thread 0x0000000009b85000 DEOPT PACKING pc=0x00000000024496f0 sp=0x000000000a2aeac0
Event: 4.656 Thread 0x0000000009b85000 DEOPT UNPACKING pc=0x0000000002389064 sp=0x000000000a2aea50 mode 2


Dynamic libraries:
0x00007ff775160000 - 0x00007ff775193000 	C:\Program Files\Java\jdk1.7.0_45\bin\java.exe
0x00007fff556e0000 - 0x00007fff558a1000 	C:\WINDOWS\SYSTEM32\ntdll.dll
0x00007fff54cb0000 - 0x00007fff54d5d000 	C:\WINDOWS\system32\KERNEL32.DLL
0x00007fff522a0000 - 0x00007fff52488000 	C:\WINDOWS\system32\KERNELBASE.dll
0x00007fff55560000 - 0x00007fff55607000 	C:\WINDOWS\system32\ADVAPI32.dll
0x00007fff55340000 - 0x00007fff553dd000 	C:\WINDOWS\system32\msvcrt.dll
0x00007fff54480000 - 0x00007fff544db000 	C:\WINDOWS\system32\sechost.dll
0x00007fff553e0000 - 0x00007fff554fc000 	C:\WINDOWS\system32\RPCRT4.dll
0x00007fff55060000 - 0x00007fff551b6000 	C:\WINDOWS\system32\USER32.dll
0x00007fff54d60000 - 0x00007fff54ee6000 	C:\WINDOWS\system32\GDI32.dll
0x00007fff4bce0000 - 0x00007fff4bf54000 	C:\WINDOWS\WinSxS\amd64_microsoft.windows.common-controls_6595b64144ccf1df_6.0.10586.0_none_8c15ae12515e1c22\COMCTL32.dll
0x00007fff54190000 - 0x00007fff5440d000 	C:\WINDOWS\system32\combase.dll
0x00007fff51ff0000 - 0x00007fff5205a000 	C:\WINDOWS\system32\bcryptPrimitives.dll
0x00007fff551d0000 - 0x00007fff5520b000 	C:\WINDOWS\system32\IMM32.DLL
0x0000000061de0000 - 0x0000000061eb2000 	C:\Program Files\Java\jdk1.7.0_45\jre\bin\msvcr100.dll
0x0000000062430000 - 0x0000000062bf9000 	C:\Program Files\Java\jdk1.7.0_45\jre\bin\server\jvm.dll
0x00007fff55050000 - 0x00007fff55058000 	C:\WINDOWS\system32\PSAPI.DLL
0x00007fff45ac0000 - 0x00007fff45ac9000 	C:\WINDOWS\SYSTEM32\WSOCK32.dll
0x00007fff54bd0000 - 0x00007fff54c3b000 	C:\WINDOWS\system32\WS2_32.dll
0x00007fff50430000 - 0x00007fff50453000 	C:\WINDOWS\SYSTEM32\WINMM.dll
0x00007fff503d0000 - 0x00007fff503fc000 	C:\WINDOWS\SYSTEM32\WINMMBASE.dll
0x00007fff52060000 - 0x00007fff520a3000 	C:\WINDOWS\system32\cfgmgr32.dll
0x0000000062420000 - 0x000000006242f000 	C:\Program Files\Java\jdk1.7.0_45\jre\bin\verify.dll
0x00000000623f0000 - 0x0000000062418000 	C:\Program Files\Java\jdk1.7.0_45\jre\bin\java.dll
0x00000000623d0000 - 0x00000000623e5000 	C:\Program Files\Java\jdk1.7.0_45\jre\bin\zip.dll

VM Arguments:
jvm_args: -Djava.awt.headless=true -Xmx1024M -Dfile.encoding=windows-1252 -Duser.country=CH -Duser.language=de -Duser.variant 
java_command: com.android.dx.command.Main --dex --num-threads=4 --multi-dex --output C:\Users\Michael\AndroidStudioProjects\FaceDetection\app\build\intermediates\transforms\dex\debug\folders\1000\5\slice_8_71090043d119150a87b55d06e1be8b2c5bb09b68 C:\Users\Michael\AndroidStudioProjects\FaceDetection\app\build\intermediates\transforms\instantRunSlicer\debug\folders\1\5\slice_8
Launcher Type: SUN_STANDARD

Environment Variables:
JAVA_HOME=C:\Program Files\Java\jdk1.7.0_45
PATH=C:\ProgramData\Oracle\Java\javapath;C:\Program Files (x86)\Elm Platform\0.12.3\bin;C:\WINDOWS\SYSTEM32;C:\WINDOWS;C:\WINDOWS\SYSTEM32\WBEM;C:\WINDOWS\SYSTEM32\WINDOWSPOWERSHELL\V1.0\;C:\PROGRAM FILES (X86)\WINDOWS KITS\8.1\WINDOWS PERFORMANCE TOOLKIT\;C:\PROGRAM FILES\MICROSOFT SQL SERVER\110\TOOLS\BINN\;C:\WINDOWS\idmu\common;C:\Program Files\TortoiseSVN\bin;C:\Program Files\PHP;C:\Users\Michael\Documents\Relnet\SVN\trunk\framework\play-2.2.1;C:\Program Files\Java\jdk1.7.0_45\bin;C:\Program Files (x86)\Windows Live\Shared;C:\Program Files (x86)\Elm Platform;C:\Program Files (x86)\GtkSharp\2.12\bin;C:\Program Files\Microsoft SQL Server\120\Tools\Binn\;C:\Program Files (x86)\Microsoft SDKs\TypeScript\1.0\;C:\Program Files (x86)\VisualSVN\bin;C:\Program Files\Microsoft\Web Platform Installer\;C:\Program Files (x86)\QuickTime\QTSystem\;C:\Program Files (x86)\Skype\Phone\;C:\WINDOWS\system32;C:\WINDOWS;C:\WINDOWS\System32\Wbem;C:\WINDOWS\System32\WindowsPowerShell\v1.0\;C:\Program Files (x86)\gfortran\bin;C:\Users\Michael\AppData\Local\atom\bin
USERNAME=Michael
OS=Windows_NT
PROCESSOR_IDENTIFIER=Intel64 Family 6 Model 37 Stepping 2, GenuineIntel



---------------  S Y S T E M  ---------------

OS: Windows 8 , 64 bit Build 9200 

CPU:total 4 (2 cores per cpu, 2 threads per core) family 6 model 37 stepping 2, cmov, cx8, fxsr, mmx, sse, sse2, sse3, ssse3, sse4.1, sse4.2, popcnt, aes, ht, tsc, tscinvbit

Memory: 4k page, physical 8240512k(1588640k free), swap 9289088k(4164k free)

vm_info: Java HotSpot(TM) 64-Bit Server VM (24.45-b08) for windows-amd64 JRE (1.7.0_45-b18), built on Oct  8 2013 05:47:22 by "java_re" with unknown MS VC++:1600

time: Wed Feb 17 17:00:20 2016
elapsed time: 4 seconds

