#
# There is insufficient memory for the Java Runtime Environment to continue.
# Native memory allocation (malloc) failed to allocate 922256 bytes for Chunk::new
# Possible reasons:
#   The system is out of physical RAM or swap space
#   In 32 bit mode, the process size limit was hit
# Possible solutions:
#   Reduce memory load on the system
#   Increase physical memory or swap space
#   Check if swap backing store is full
#   Use 64 bit Java on a 64 bit OS
#   Decrease Java heap size (-Xmx/-Xms)
#   Decrease number of Java threads
#   Decrease Java thread stack sizes (-Xss)
#   Set larger code cache with -XX:ReservedCodeCacheSize=
# This output file may be truncated or incomplete.
#
#  Out of Memory Error (allocation.cpp:323), pid=7220, tid=4456
#
# JRE version: Java(TM) SE Runtime Environment (7.0_45-b18) (build 1.7.0_45-b18)
# Java VM: Java HotSpot(TM) 64-Bit Server VM (24.45-b08 mixed mode windows-amd64 compressed oops)
# Failed to write core dump. Minidumps are not enabled by default on client versions of Windows
#

---------------  T H R E A D  ---------------

Current thread (0x00000000081f2800):  JavaThread "C2 CompilerThread0" daemon [_thread_in_native, id=4456, stack(0x0000000009760000,0x0000000009860000)]

Stack: [0x0000000009760000,0x0000000009860000]

Current CompileTask:
C2:   4985  476             com.android.dx.dex.cf.CfTranslator::translate0 (259 bytes)


---------------  P R O C E S S  ---------------

Java Threads: ( => current thread )
  0x0000000009d08000 JavaThread "pool-2-thread-4" [_thread_blocked, id=8032, stack(0x000000000a360000,0x000000000a460000)]
  0x0000000009d07000 JavaThread "pool-2-thread-3" [_thread_in_Java, id=6148, stack(0x000000000a260000,0x000000000a360000)]
  0x0000000009c04000 JavaThread "pool-2-thread-2" [_thread_in_Java, id=10104, stack(0x000000000a160000,0x000000000a260000)]
  0x0000000008269800 JavaThread "pool-3-thread-1" [_thread_blocked, id=7136, stack(0x000000000a060000,0x000000000a160000)]
  0x0000000009dd6800 JavaThread "pool-2-thread-1" [_thread_in_vm, id=8580, stack(0x0000000009f60000,0x000000000a060000)]
  0x0000000008208800 JavaThread "Service Thread" daemon [_thread_blocked, id=2164, stack(0x0000000009960000,0x0000000009a60000)]
  0x00000000081fe800 JavaThread "C2 CompilerThread1" daemon [_thread_blocked, id=7356, stack(0x0000000009860000,0x0000000009960000)]
=>0x00000000081f2800 JavaThread "C2 CompilerThread0" daemon [_thread_in_native, id=4456, stack(0x0000000009760000,0x0000000009860000)]
  0x00000000081f1800 JavaThread "Attach Listener" daemon [_thread_blocked, id=7424, stack(0x0000000009660000,0x0000000009760000)]
  0x00000000081ee800 JavaThread "Signal Dispatcher" daemon [_thread_blocked, id=3856, stack(0x0000000009560000,0x0000000009660000)]
  0x00000000081b9000 JavaThread "Finalizer" daemon [_thread_blocked, id=5936, stack(0x0000000009460000,0x0000000009560000)]
  0x00000000081b3800 JavaThread "Reference Handler" daemon [_thread_blocked, id=8, stack(0x0000000009360000,0x0000000009460000)]
  0x000000000211e000 JavaThread "main" [_thread_blocked, id=2168, stack(0x0000000002120000,0x0000000002220000)]

Other Threads:
  0x00000000081b1000 VMThread [stack: 0x0000000009260000,0x0000000009360000] [id=9540]
  0x0000000008213800 WatcherThread [stack: 0x0000000009a60000,0x0000000009b60000] [id=9628]

VM state:not at safepoint (normal execution)

VM Mutex/Monitor currently owned by a thread: None

Heap
 PSYoungGen      total 37888K, used 17184K [0x00000000eaa80000, 0x00000000ef480000, 0x0000000100000000)
  eden space 32768K, 36% used [0x00000000eaa80000,0x00000000eb650120,0x00000000eca80000)
  from space 5120K, 99% used [0x00000000eca80000,0x00000000ecf78020,0x00000000ecf80000)
  to   space 5120K, 0% used [0x00000000eef80000,0x00000000eef80000,0x00000000ef480000)
 ParOldGen       total 85504K, used 9534K [0x00000000c0000000, 0x00000000c5380000, 0x00000000eaa80000)
  object space 85504K, 11% used [0x00000000c0000000,0x00000000c094f900,0x00000000c5380000)
 PSPermGen       total 21504K, used 5890K [0x00000000bae00000, 0x00000000bc300000, 0x00000000c0000000)
  object space 21504K, 27% used [0x00000000bae00000,0x00000000bb3c08d0,0x00000000bc300000)

Card table byte_map: [0x0000000005420000,0x0000000005650000] byte_map_base: 0x0000000004e49000

Polling page: 0x0000000000510000

Code Cache  [0x0000000002420000, 0x0000000002690000, 0x0000000005420000)
 total_blobs=710 nmethods=474 adapters=189 free_code_cache=47223Kb largest_free_block=48291008

Compilation events (10 events):
Event: 4.910 Thread 0x00000000081fe800 nmethod 473 0x00000000024a0050 code [0x00000000024a01c0, 0x00000000024a03c8]
Event: 4.914 Thread 0x00000000081f2800  474             com.android.dx.rop.cst.CstType::getClassType (5 bytes)
Event: 4.915 Thread 0x00000000081f2800 nmethod 474 0x000000000249f850 code [0x000000000249f980, 0x000000000249f9d8]
Event: 4.915 Thread 0x00000000081fe800  475             com.android.dx.rop.code.BasicBlockList$RegCountVisitor::visitThrowingCstInsn (6 bytes)
Event: 4.921 Thread 0x00000000081fe800 nmethod 475 0x00000000025ca9d0 code [0x00000000025cab40, 0x00000000025cadd8]
Event: 4.942 Thread 0x00000000081f2800  476             com.android.dx.dex.cf.CfTranslator::translate0 (259 bytes)
Event: 4.971 Thread 0x00000000081fe800  477             com.android.dx.cf.code.ExecutionStack::<init> (34 bytes)
Event: 4.973 Thread 0x00000000081fe800 nmethod 477 0x00000000025ca550 code [0x00000000025ca6a0, 0x00000000025ca898]
Event: 4.977 Thread 0x00000000081fe800  478             com.android.dx.util.LabeledList::getMaxLabel (47 bytes)
Event: 4.980 Thread 0x00000000081fe800 nmethod 478 0x00000000025e9d90 code [0x00000000025e9ee0, 0x00000000025ea058]

GC Heap History (6 events):
Event: 1.722 GC heap before
{Heap before GC invocations=1 (full 0):
 PSYoungGen      total 37888K, used 32768K [0x00000000eaa80000, 0x00000000ed480000, 0x0000000100000000)
  eden space 32768K, 100% used [0x00000000eaa80000,0x00000000eca80000,0x00000000eca80000)
  from space 5120K, 0% used [0x00000000ecf80000,0x00000000ecf80000,0x00000000ed480000)
  to   space 5120K, 0% used [0x00000000eca80000,0x00000000eca80000,0x00000000ecf80000)
 ParOldGen       total 85504K, used 0K [0x00000000c0000000, 0x00000000c5380000, 0x00000000eaa80000)
  object space 85504K, 0% used [0x00000000c0000000,0x00000000c0000000,0x00000000c5380000)
 PSPermGen       total 21504K, used 5692K [0x00000000bae00000, 0x00000000bc300000, 0x00000000c0000000)
  object space 21504K, 26% used [0x00000000bae00000,0x00000000bb38f238,0x00000000bc300000)
Event: 1.785 GC heap after
Heap after GC invocations=1 (full 0):
 PSYoungGen      total 37888K, used 5105K [0x00000000eaa80000, 0x00000000ed480000, 0x0000000100000000)
  eden space 32768K, 0% used [0x00000000eaa80000,0x00000000eaa80000,0x00000000eca80000)
  from space 5120K, 99% used [0x00000000eca80000,0x00000000ecf7c778,0x00000000ecf80000)
  to   space 5120K, 0% used [0x00000000ecf80000,0x00000000ecf80000,0x00000000ed480000)
 ParOldGen       total 85504K, used 774K [0x00000000c0000000, 0x00000000c5380000, 0x00000000eaa80000)
  object space 85504K, 0% used [0x00000000c0000000,0x00000000c00c1910,0x00000000c5380000)
 PSPermGen       total 21504K, used 5692K [0x00000000bae00000, 0x00000000bc300000, 0x00000000c0000000)
  object space 21504K, 26% used [0x00000000bae00000,0x00000000bb38f238,0x00000000bc300000)
}
Event: 2.989 GC heap before
{Heap before GC invocations=2 (full 0):
 PSYoungGen      total 37888K, used 37873K [0x00000000eaa80000, 0x00000000ed480000, 0x0000000100000000)
  eden space 32768K, 100% used [0x00000000eaa80000,0x00000000eca80000,0x00000000eca80000)
  from space 5120K, 99% used [0x00000000eca80000,0x00000000ecf7c778,0x00000000ecf80000)
  to   space 5120K, 0% used [0x00000000ecf80000,0x00000000ecf80000,0x00000000ed480000)
 ParOldGen       total 85504K, used 774K [0x00000000c0000000, 0x00000000c5380000, 0x00000000eaa80000)
  object space 85504K, 0% used [0x00000000c0000000,0x00000000c00c1910,0x00000000c5380000)
 PSPermGen       total 21504K, used 5823K [0x00000000bae00000, 0x00000000bc300000, 0x00000000c0000000)
  object space 21504K, 27% used [0x00000000bae00000,0x00000000bb3afef0,0x00000000bc300000)
Event: 3.187 GC heap after
Heap after GC invocations=2 (full 0):
 PSYoungGen      total 37888K, used 5098K [0x00000000eaa80000, 0x00000000ed480000, 0x0000000100000000)
  eden space 32768K, 0% used [0x00000000eaa80000,0x00000000eaa80000,0x00000000eca80000)
  from space 5120K, 99% used [0x00000000ecf80000,0x00000000ed47aab8,0x00000000ed480000)
  to   space 5120K, 0% used [0x00000000eca80000,0x00000000eca80000,0x00000000ecf80000)
 ParOldGen       total 85504K, used 4461K [0x00000000c0000000, 0x00000000c5380000, 0x00000000eaa80000)
  object space 85504K, 5% used [0x00000000c0000000,0x00000000c045b688,0x00000000c5380000)
 PSPermGen       total 21504K, used 5823K [0x00000000bae00000, 0x00000000bc300000, 0x00000000c0000000)
  object space 21504K, 27% used [0x00000000bae00000,0x00000000bb3afef0,0x00000000bc300000)
}
Event: 4.614 GC heap before
{Heap before GC invocations=3 (full 0):
 PSYoungGen      total 37888K, used 37866K [0x00000000eaa80000, 0x00000000ed480000, 0x0000000100000000)
  eden space 32768K, 100% used [0x00000000eaa80000,0x00000000eca80000,0x00000000eca80000)
  from space 5120K, 99% used [0x00000000ecf80000,0x00000000ed47aab8,0x00000000ed480000)
  to   space 5120K, 0% used [0x00000000eca80000,0x00000000eca80000,0x00000000ecf80000)
 ParOldGen       total 85504K, used 4461K [0x00000000c0000000, 0x00000000c5380000, 0x00000000eaa80000)
  object space 85504K, 5% used [0x00000000c0000000,0x00000000c045b688,0x00000000c5380000)
 PSPermGen       total 21504K, used 5876K [0x00000000bae00000, 0x00000000bc300000, 0x00000000c0000000)
  object space 21504K, 27% used [0x00000000bae00000,0x00000000bb3bd150,0x00000000bc300000)
Event: 4.710 GC heap after
Heap after GC invocations=3 (full 0):
 PSYoungGen      total 37888K, used 5088K [0x00000000eaa80000, 0x00000000ef480000, 0x0000000100000000)
  eden space 32768K, 0% used [0x00000000eaa80000,0x00000000eaa80000,0x00000000eca80000)
  from space 5120K, 99% used [0x00000000eca80000,0x00000000ecf78020,0x00000000ecf80000)
  to   space 5120K, 0% used [0x00000000eef80000,0x00000000eef80000,0x00000000ef480000)
 ParOldGen       total 85504K, used 9534K [0x00000000c0000000, 0x00000000c5380000, 0x00000000eaa80000)
  object space 85504K, 11% used [0x00000000c0000000,0x00000000c094f900,0x00000000c5380000)
 PSPermGen       total 21504K, used 5876K [0x00000000bae00000, 0x00000000bc300000, 0x00000000c0000000)
  object space 21504K, 27% used [0x00000000bae00000,0x00000000bb3bd150,0x00000000bc300000)
}

Deoptimization events (10 events):
Event: 3.237 Thread 0x0000000009d07000 Uncommon trap: reason=class_check action=maybe_recompile pc=0x00000000024d2cb8 method=java.util.HashMap.put(Ljava/lang/Object;Ljava/lang/Object;)Ljava/lang/Object; @ 83
Event: 3.589 Thread 0x0000000009d08000 Uncommon trap: reason=null_check action=make_not_entrant pc=0x0000000002586058 method=com.android.dx.dex.file.MethodIdsSection.intern(Lcom/android/dx/rop/cst/CstBaseMethodRef;)Lcom/android/dx/dex/file/MethodIdItem; @ 26
Event: 3.592 Thread 0x0000000009dd6800 Uncommon trap: reason=null_check action=make_not_entrant pc=0x0000000002586058 method=com.android.dx.dex.file.MethodIdsSection.intern(Lcom/android/dx/rop/cst/CstBaseMethodRef;)Lcom/android/dx/dex/file/MethodIdItem; @ 26
Event: 3.633 Thread 0x0000000009c04000 Uncommon trap: reason=unreached action=reinterpret pc=0x00000000024ec36c method=com.android.dx.ssa.SCCP.simulateBranch(Lcom/android/dx/ssa/SsaInsn;)V @ 132
Event: 3.633 Thread 0x0000000009c04000 Uncommon trap: reason=unloaded action=reinterpret pc=0x0000000002547ddc method=com.android.dx.ssa.LiteralOpUpgrader$1.visitNonMoveInsn(Lcom/android/dx/ssa/NormalSsaInsn;)V @ 72
Event: 4.911 Thread 0x0000000009c04000 Uncommon trap: reason=bimorphic action=maybe_recompile pc=0x00000000026080f4 method=com.android.dx.cf.code.BytecodeArray.parseInstruction(ILcom/android/dx/cf/code/BytecodeArray$Visitor;)I @ 1357
Event: 4.911 Thread 0x0000000009c04000 Uncommon trap: reason=bimorphic action=maybe_recompile pc=0x00000000026080f4 method=com.android.dx.cf.code.BytecodeArray.parseInstruction(ILcom/android/dx/cf/code/BytecodeArray$Visitor;)I @ 1357
Event: 4.912 Thread 0x0000000009c04000 Uncommon trap: reason=bimorphic action=maybe_recompile pc=0x00000000026080f4 method=com.android.dx.cf.code.BytecodeArray.parseInstruction(ILcom/android/dx/cf/code/BytecodeArray$Visitor;)I @ 1357
Event: 4.912 Thread 0x0000000009c04000 Uncommon trap: reason=bimorphic action=maybe_recompile pc=0x00000000026080f4 method=com.android.dx.cf.code.BytecodeArray.parseInstruction(ILcom/android/dx/cf/code/BytecodeArray$Visitor;)I @ 1357
Event: 4.941 Thread 0x0000000009c04000 Uncommon trap: reason=null_check action=make_not_entrant pc=0x00000000025f1470 method=com.android.dx.dex.file.FieldIdsSection.intern(Lcom/android/dx/rop/cst/CstFieldRef;)Lcom/android/dx/dex/file/FieldIdItem; @ 26

Internal exceptions (10 events):
Event: 2.179 Thread 0x000000000211e000 Threw 0x00000000eb11b9c0 at C:\re\jdk7u45\229\hotspot\src\share\vm\prims\jvm.cpp:1244
Event: 2.184 Thread 0x0000000009d07000 Threw 0x00000000eb410e40 at C:\re\jdk7u45\229\hotspot\src\share\vm\prims\jvm.cpp:1244
Event: 2.185 Thread 0x0000000009d07000 Threw 0x00000000eb4166c8 at C:\re\jdk7u45\229\hotspot\src\share\vm\prims\jvm.cpp:1244
Event: 2.185 Thread 0x0000000009d07000 Threw 0x00000000eb41bcd8 at C:\re\jdk7u45\229\hotspot\src\share\vm\prims\jvm.cpp:1244
Event: 2.190 Thread 0x000000000211e000 Threw 0x00000000eb12bc98 at C:\re\jdk7u45\229\hotspot\src\share\vm\prims\jvm.cpp:1244
Event: 3.191 Thread 0x0000000009d07000 Threw 0x00000000eaab07c8 at C:\re\jdk7u45\229\hotspot\src\share\vm\prims\jvm.cpp:1244
Event: 3.634 Thread 0x0000000009c04000 Threw 0x00000000eb4061d0 at C:\re\jdk7u45\229\hotspot\src\share\vm\prims\jvm.cpp:1244
Event: 3.644 Thread 0x0000000009c04000 Threw 0x00000000eb4f50d0 at C:\re\jdk7u45\229\hotspot\src\share\vm\prims\jvm.cpp:1244
Event: 4.125 Thread 0x000000000211e000 Threw 0x00000000eba4c0e0 at C:\re\jdk7u45\229\hotspot\src\share\vm\prims\jvm.cpp:1244
Event: 4.126 Thread 0x000000000211e000 Threw 0x00000000eba4e540 at C:\re\jdk7u45\229\hotspot\src\share\vm\prims\jvm.cpp:1244

Events (10 events):
Event: 4.912 Thread 0x0000000009c04000 DEOPT UNPACKING pc=0x0000000002459064 sp=0x000000000a25e740 mode 2
Event: 4.912 Thread 0x0000000009c04000 Uncommon trap: trap_request=0xffffffc6 fr.pc=0x00000000026080f4
Event: 4.912 Thread 0x0000000009c04000 DEOPT PACKING pc=0x00000000026080f4 sp=0x000000000a25e820
Event: 4.912 Thread 0x0000000009c04000 DEOPT UNPACKING pc=0x0000000002459064 sp=0x000000000a25e7a0 mode 2
Event: 4.912 Thread 0x0000000009c04000 Uncommon trap: trap_request=0xffffffc6 fr.pc=0x00000000026080f4
Event: 4.912 Thread 0x0000000009c04000 DEOPT PACKING pc=0x00000000026080f4 sp=0x000000000a25e820
Event: 4.912 Thread 0x0000000009c04000 DEOPT UNPACKING pc=0x0000000002459064 sp=0x000000000a25e7a0 mode 2
Event: 4.941 Thread 0x0000000009c04000 Uncommon trap: trap_request=0xfffffff4 fr.pc=0x00000000025f1470
Event: 4.941 Thread 0x0000000009c04000 DEOPT PACKING pc=0x00000000025f1470 sp=0x000000000a25ecf0
Event: 4.941 Thread 0x0000000009c04000 DEOPT UNPACKING pc=0x0000000002459064 sp=0x000000000a25ec58 mode 2


Dynamic libraries:
0x00007ff775160000 - 0x00007ff775193000 	C:\Program Files\Java\jdk1.7.0_45\bin\java.exe
0x00007fff556e0000 - 0x00007fff558a1000 	C:\WINDOWS\SYSTEM32\ntdll.dll
0x00007fff54cb0000 - 0x00007fff54d5d000 	C:\WINDOWS\system32\KERNEL32.DLL
0x00007fff522a0000 - 0x00007fff52488000 	C:\WINDOWS\system32\KERNELBASE.dll
0x00007fff55560000 - 0x00007fff55607000 	C:\WINDOWS\system32\ADVAPI32.dll
0x00007fff55340000 - 0x00007fff553dd000 	C:\WINDOWS\system32\msvcrt.dll
0x00007fff54480000 - 0x00007fff544db000 	C:\WINDOWS\system32\sechost.dll
0x00007fff553e0000 - 0x00007fff554fc000 	C:\WINDOWS\system32\RPCRT4.dll
0x00007fff55060000 - 0x00007fff551b6000 	C:\WINDOWS\system32\USER32.dll
0x00007fff54d60000 - 0x00007fff54ee6000 	C:\WINDOWS\system32\GDI32.dll
0x00007fff4bce0000 - 0x00007fff4bf54000 	C:\WINDOWS\WinSxS\amd64_microsoft.windows.common-controls_6595b64144ccf1df_6.0.10586.0_none_8c15ae12515e1c22\COMCTL32.dll
0x00007fff54190000 - 0x00007fff5440d000 	C:\WINDOWS\system32\combase.dll
0x00007fff51ff0000 - 0x00007fff5205a000 	C:\WINDOWS\system32\bcryptPrimitives.dll
0x00007fff551d0000 - 0x00007fff5520b000 	C:\WINDOWS\system32\IMM32.DLL
0x0000000061de0000 - 0x0000000061eb2000 	C:\Program Files\Java\jdk1.7.0_45\jre\bin\msvcr100.dll
0x0000000062430000 - 0x0000000062bf9000 	C:\Program Files\Java\jdk1.7.0_45\jre\bin\server\jvm.dll
0x00007fff55050000 - 0x00007fff55058000 	C:\WINDOWS\system32\PSAPI.DLL
0x00007fff45ac0000 - 0x00007fff45ac9000 	C:\WINDOWS\SYSTEM32\WSOCK32.dll
0x00007fff54bd0000 - 0x00007fff54c3b000 	C:\WINDOWS\system32\WS2_32.dll
0x00007fff50430000 - 0x00007fff50453000 	C:\WINDOWS\SYSTEM32\WINMM.dll
0x00007fff503d0000 - 0x00007fff503fc000 	C:\WINDOWS\SYSTEM32\WINMMBASE.dll
0x00007fff52060000 - 0x00007fff520a3000 	C:\WINDOWS\system32\cfgmgr32.dll
0x0000000062420000 - 0x000000006242f000 	C:\Program Files\Java\jdk1.7.0_45\jre\bin\verify.dll
0x00000000623f0000 - 0x0000000062418000 	C:\Program Files\Java\jdk1.7.0_45\jre\bin\java.dll
0x00000000623d0000 - 0x00000000623e5000 	C:\Program Files\Java\jdk1.7.0_45\jre\bin\zip.dll
0x00000000623b0000 - 0x00000000623c9000 	C:\Program Files\Java\jdk1.7.0_45\jre\bin\net.dll
0x00007fff51630000 - 0x00007fff5168c000 	C:\WINDOWS\system32\mswsock.dll
0x0000000062390000 - 0x00000000623a1000 	C:\Program Files\Java\jdk1.7.0_45\jre\bin\nio.dll

VM Arguments:
jvm_args: -Djava.awt.headless=true -Xmx1024M -Dfile.encoding=windows-1252 -Duser.country=CH -Duser.language=de -Duser.variant 
java_command: com.android.dx.command.Main --dex --num-threads=4 --multi-dex --output C:\Users\Michael\AndroidStudioProjects\FaceDetection\app\build\intermediates\transforms\dex\debug\folders\1000\10\internal_impl-23.1.1_ca553fa366ecc0a980f205cab72e8fae9a32f0e8 C:\Users\Michael\AndroidStudioProjects\FaceDetection\app\build\intermediates\exploded-aar\com.android.support\support-v4\23.1.1\jars\libs\internal_impl-23.1.1.jar
Launcher Type: SUN_STANDARD

Environment Variables:
JAVA_HOME=C:\Program Files\Java\jdk1.7.0_45
PATH=C:\ProgramData\Oracle\Java\javapath;C:\Program Files (x86)\Elm Platform\0.12.3\bin;C:\WINDOWS\SYSTEM32;C:\WINDOWS;C:\WINDOWS\SYSTEM32\WBEM;C:\WINDOWS\SYSTEM32\WINDOWSPOWERSHELL\V1.0\;C:\PROGRAM FILES (X86)\WINDOWS KITS\8.1\WINDOWS PERFORMANCE TOOLKIT\;C:\PROGRAM FILES\MICROSOFT SQL SERVER\110\TOOLS\BINN\;C:\WINDOWS\idmu\common;C:\Program Files\TortoiseSVN\bin;C:\Program Files\PHP;C:\Users\Michael\Documents\Relnet\SVN\trunk\framework\play-2.2.1;C:\Program Files\Java\jdk1.7.0_45\bin;C:\Program Files (x86)\Windows Live\Shared;C:\Program Files (x86)\Elm Platform;C:\Program Files (x86)\GtkSharp\2.12\bin;C:\Program Files\Microsoft SQL Server\120\Tools\Binn\;C:\Program Files (x86)\Microsoft SDKs\TypeScript\1.0\;C:\Program Files (x86)\VisualSVN\bin;C:\Program Files\Microsoft\Web Platform Installer\;C:\Program Files (x86)\QuickTime\QTSystem\;C:\Program Files (x86)\Skype\Phone\;C:\WINDOWS\system32;C:\WINDOWS;C:\WINDOWS\System32\Wbem;C:\WINDOWS\System32\WindowsPowerShell\v1.0\;C:\Program Files (x86)\gfortran\bin;C:\Users\Michael\AppData\Local\atom\bin
USERNAME=Michael
OS=Windows_NT
PROCESSOR_IDENTIFIER=Intel64 Family 6 Model 37 Stepping 2, GenuineIntel



---------------  S Y S T E M  ---------------

OS: Windows 8 , 64 bit Build 9200 

CPU:total 4 (2 cores per cpu, 2 threads per core) family 6 model 37 stepping 2, cmov, cx8, fxsr, mmx, sse, sse2, sse3, ssse3, sse4.1, sse4.2, popcnt, aes, ht, tsc, tscinvbit

Memory: 4k page, physical 8240512k(1588184k free), swap 9289088k(4268k free)

vm_info: Java HotSpot(TM) 64-Bit Server VM (24.45-b08) for windows-amd64 JRE (1.7.0_45-b18), built on Oct  8 2013 05:47:22 by "java_re" with unknown MS VC++:1600

time: Wed Feb 17 17:00:20 2016
elapsed time: 4 seconds

